[ 2019-04-02T10:37:44+08:00 ][ info ] [ BEHAVIOR ] Run Closure @app_init [ RunTime:0.000120s ]
[ info ] [ LOG ] INIT File
[ 2019-04-02T10:37:44+08:00 ][ info ] [ CACHE ] INIT File
[ 2019-04-02T10:37:44+08:00 ][ info ] [ BEHAVIOR ] Run Closure @app_init [ RunTime:0.002988s ]
[ 2019-04-02T10:37:44+08:00 ][ info ] [ DB ] INIT mysql
[ 2019-04-02T10:37:44+08:00 ][ sql ] [ DB ] CONNECT:[ UseTime:0.118325s ] mysql:host=120.78.135.109;port=3306;dbname=jyzj_test;charset=utf8
[ 2019-04-02T10:37:44+08:00 ][ sql ] [ SQL ] SHOW TABLE STATUS LIKE 'platform' [ RunTime:0.077660s ]
[ 2019-04-02T10:37:44+08:00 ][ sql ] [ SQL ] SHOW TABLE STATUS LIKE 'jyzj_platform' [ RunTime:0.078892s ]
[ 2019-04-02T10:37:44+08:00 ][ sql ] [ SQL ] SELECT * FROM `information_schema`.`columns` WHERE TABLE_SCHEMA = 'jyzj_test' AND table_name = 'jyzj_platform' ORDER BY ORDINAL_POSITION [ RunTime:0.079455s ]
[ 2019-04-02T10:39:21+08:00 ][ info ] [ BEHAVIOR ] Run Closure @app_init [ RunTime:0.000122s ]
[ info ] [ LOG ] INIT File
[ 2019-04-02T10:39:21+08:00 ][ info ] [ CACHE ] INIT File
[ 2019-04-02T10:39:21+08:00 ][ info ] [ BEHAVIOR ] Run Closure @app_init [ RunTime:0.002806s ]
[ 2019-04-02T10:39:21+08:00 ][ info ] [ DB ] INIT mysql
[ 2019-04-02T10:39:21+08:00 ][ sql ] [ DB ] CONNECT:[ UseTime:0.138926s ] mysql:host=120.78.135.109;port=3306;dbname=jyzj_test;charset=utf8
[ 2019-04-02T10:39:21+08:00 ][ sql ] [ SQL ] SHOW TABLE STATUS LIKE 'platform' [ RunTime:0.090603s ]
[ 2019-04-02T10:39:21+08:00 ][ sql ] [ SQL ] SHOW TABLE STATUS LIKE 'jyzj_platform' [ RunTime:0.090879s ]
[ 2019-04-02T10:57:19+08:00 ][ info ] [ BEHAVIOR ] Run Closure @app_init [ RunTime:0.000117s ]
[ info ] [ LOG ] INIT File
[ 2019-04-02T10:57:19+08:00 ][ info ] [ CACHE ] INIT File
[ 2019-04-02T10:57:19+08:00 ][ info ] [ BEHAVIOR ] Run Closure @app_init [ RunTime:0.002758s ]
[ 2019-04-02T10:57:19+08:00 ][ info ] [ DB ] INIT mysql
[ 2019-04-02T10:57:20+08:00 ][ sql ] [ DB ] CONNECT:[ UseTime:0.137660s ] mysql:host=120.78.135.109;port=3306;dbname=jyzj_test;charset=utf8
[ 2019-04-02T10:57:20+08:00 ][ sql ] [ SQL ] SHOW TABLE STATUS LIKE 'customer_resource' [ RunTime:0.091025s ]
[ 2019-04-02T10:57:20+08:00 ][ sql ] [ SQL ] SHOW TABLE STATUS LIKE 'jyzj_customer_resource' [ RunTime:0.088769s ]
[ 2019-04-02T10:57:20+08:00 ][ sql ] [ SQL ] SELECT * FROM `information_schema`.`columns` WHERE TABLE_SCHEMA = 'jyzj_test' AND table_name = 'jyzj_customer_resource' ORDER BY ORDINAL_POSITION [ RunTime:0.091455s ]
[ 2019-04-02T11:04:25+08:00 ][ info ] [ BEHAVIOR ] Run Closure @app_init [ RunTime:0.000123s ]
[ info ] [ LOG ] INIT File
[ 2019-04-02T11:04:25+08:00 ][ info ] [ CACHE ] INIT File
[ 2019-04-02T11:04:25+08:00 ][ info ] [ BEHAVIOR ] Run Closure @app_init [ RunTime:0.003034s ]
[ 2019-04-02T11:04:25+08:00 ][ info ] [ DB ] INIT mysql
[ 2019-04-02T11:04:25+08:00 ][ sql ] [ DB ] CONNECT:[ UseTime:0.112618s ] mysql:host=120.78.135.109;port=3306;dbname=jyzj_test;charset=utf8
[ 2019-04-02T11:04:25+08:00 ][ sql ] [ SQL ] SHOW TABLE STATUS LIKE 'customer_resource' [ RunTime:0.075234s ]
[ 2019-04-02T11:04:25+08:00 ][ sql ] [ SQL ] SHOW TABLE STATUS LIKE 'jyzj_customer_resource' [ RunTime:0.074585s ]
[ 2019-04-02T11:04:25+08:00 ][ sql ] [ SQL ] SELECT * FROM `information_schema`.`columns` WHERE TABLE_SCHEMA = 'jyzj_test' AND table_name = 'jyzj_customer_resource' ORDER BY ORDINAL_POSITION [ RunTime:0.073358s ]
