[ 2019-04-08T09:47:58+08:00 ][ info ] [ BEHAVIOR ] Run Closure @app_init [ RunTime:0.000137s ]
[ info ] [ LOG ] INIT File
[ 2019-04-08T09:47:58+08:00 ][ info ] [ CACHE ] INIT Memcache
[ 2019-04-08T09:47:58+08:00 ][ info ] [ BEHAVIOR ] Run Closure @app_init [ RunTime:0.003219s ]
[ 2019-04-08T09:47:58+08:00 ][ info ] [ DB ] INIT mysql
[ 2019-04-08T09:47:58+08:00 ][ sql ] [ DB ] CONNECT:[ UseTime:0.131257s ] mysql:host=120.78.135.109;port=3306;dbname=jyzj_test;charset=utf8
[ 2019-04-08T09:47:58+08:00 ][ sql ] [ SQL ] SHOW TABLE STATUS LIKE 'brand' [ RunTime:0.084516s ]
[ 2019-04-08T09:47:58+08:00 ][ sql ] [ SQL ] SHOW TABLE STATUS LIKE 'jyzj_brand' [ RunTime:0.086230s ]
[ 2019-04-08T09:47:58+08:00 ][ sql ] [ SQL ] SELECT * FROM `information_schema`.`columns` WHERE TABLE_SCHEMA = 'jyzj_test' AND table_name = 'jyzj_brand' ORDER BY ORDINAL_POSITION [ RunTime:0.086410s ]
[ 2019-04-08T09:53:29+08:00 ][ info ] [ BEHAVIOR ] Run Closure @app_init [ RunTime:0.000125s ]
[ info ] [ LOG ] INIT File
[ 2019-04-08T09:53:29+08:00 ][ info ] [ CACHE ] INIT Memcache
[ 2019-04-08T09:53:29+08:00 ][ info ] [ BEHAVIOR ] Run Closure @app_init [ RunTime:0.003177s ]
[ 2019-04-08T09:53:29+08:00 ][ info ] [ DB ] INIT mysql
[ 2019-04-08T09:53:29+08:00 ][ sql ] [ DB ] CONNECT:[ UseTime:0.131370s ] mysql:host=120.78.135.109;port=3306;dbname=jyzj_test;charset=utf8
[ 2019-04-08T09:53:29+08:00 ][ sql ] [ SQL ] SHOW TABLE STATUS LIKE 'models' [ RunTime:0.085562s ]
[ 2019-04-08T09:53:30+08:00 ][ sql ] [ SQL ] SHOW TABLE STATUS LIKE 'jyzj_models' [ RunTime:0.087026s ]
[ 2019-04-08T09:53:30+08:00 ][ sql ] [ SQL ] SHOW TABLE STATUS LIKE 'brand' [ RunTime:0.085412s ]
[ 2019-04-08T09:53:30+08:00 ][ sql ] [ SQL ] SHOW TABLE STATUS LIKE 'jyzj_brand' [ RunTime:0.087074s ]
[ 2019-04-08T09:53:30+08:00 ][ sql ] [ SQL ] SELECT * FROM `information_schema`.`columns` WHERE TABLE_SCHEMA = 'jyzj_test' AND table_name = 'jyzj_models' ORDER BY ORDINAL_POSITION [ RunTime:0.087282s ]
[ 2019-04-08T09:53:30+08:00 ][ sql ] [ SQL ] SELECT * FROM `information_schema`.`columns` WHERE TABLE_SCHEMA = 'jyzj_test' AND table_name = 'jyzj_brand' ORDER BY ORDINAL_POSITION [ RunTime:0.087216s ]
[ 2019-04-08T10:01:32+08:00 ][ info ] [ BEHAVIOR ] Run Closure @app_init [ RunTime:0.000133s ]
[ info ] [ LOG ] INIT File
[ 2019-04-08T10:01:32+08:00 ][ info ] [ CACHE ] INIT Memcache
[ 2019-04-08T10:01:32+08:00 ][ info ] [ BEHAVIOR ] Run Closure @app_init [ RunTime:0.003974s ]
[ 2019-04-08T10:01:32+08:00 ][ info ] [ DB ] INIT mysql
[ 2019-04-08T10:01:32+08:00 ][ sql ] [ DB ] CONNECT:[ UseTime:0.118213s ] mysql:host=120.78.135.109;port=3306;dbname=jyzj_test;charset=utf8
[ 2019-04-08T10:01:32+08:00 ][ sql ] [ SQL ] SHOW TABLE STATUS LIKE 'scheme_category' [ RunTime:0.076764s ]
[ 2019-04-08T10:01:32+08:00 ][ sql ] [ SQL ] SHOW TABLE STATUS LIKE 'jyzj_scheme_category' [ RunTime:0.077285s ]
[ 2019-04-08T10:01:32+08:00 ][ sql ] [ SQL ] SELECT * FROM `information_schema`.`columns` WHERE TABLE_SCHEMA = 'jyzj_test' AND table_name = 'jyzj_scheme_category' ORDER BY ORDINAL_POSITION [ RunTime:0.077931s ]
[ 2019-04-08T10:26:42+08:00 ][ info ] [ BEHAVIOR ] Run Closure @app_init [ RunTime:0.000167s ]
[ info ] [ LOG ] INIT File
[ 2019-04-08T10:26:42+08:00 ][ info ] [ CACHE ] INIT Memcache
[ 2019-04-08T10:26:42+08:00 ][ info ] [ BEHAVIOR ] Run Closure @app_init [ RunTime:0.003210s ]
[ 2019-04-08T10:26:42+08:00 ][ info ] [ DB ] INIT mysql
[ 2019-04-08T10:26:42+08:00 ][ sql ] [ DB ] CONNECT:[ UseTime:0.112895s ] mysql:host=120.78.135.109;port=3306;dbname=jyzj_test;charset=utf8
[ 2019-04-08T10:26:42+08:00 ][ sql ] [ SQL ] SHOW TABLE STATUS LIKE 'plan_acar' [ RunTime:0.075404s ]
[ 2019-04-08T10:26:42+08:00 ][ sql ] [ SQL ] SHOW TABLE STATUS LIKE 'jyzj_plan_acar' [ RunTime:0.075424s ]
[ 2019-04-08T10:26:42+08:00 ][ sql ] [ SQL ] SHOW TABLE STATUS LIKE 'models' [ RunTime:0.073507s ]
[ 2019-04-08T10:26:43+08:00 ][ sql ] [ SQL ] SHOW TABLE STATUS LIKE 'jyzj_models' [ RunTime:0.073176s ]
[ 2019-04-08T10:26:43+08:00 ][ sql ] [ SQL ] SHOW TABLE STATUS LIKE 'financial_platform' [ RunTime:0.073815s ]
[ 2019-04-08T10:26:43+08:00 ][ sql ] [ SQL ] SHOW TABLE STATUS LIKE 'jyzj_financial_platform' [ RunTime:0.074052s ]
[ 2019-04-08T10:26:43+08:00 ][ sql ] [ SQL ] SHOW TABLE STATUS LIKE 'scheme_category' [ RunTime:0.073679s ]
[ 2019-04-08T10:26:43+08:00 ][ sql ] [ SQL ] SHOW TABLE STATUS LIKE 'jyzj_scheme_category' [ RunTime:0.074060s ]
[ 2019-04-08T10:26:43+08:00 ][ sql ] [ SQL ] SELECT * FROM `information_schema`.`columns` WHERE TABLE_SCHEMA = 'jyzj_test' AND table_name = 'jyzj_plan_acar' ORDER BY ORDINAL_POSITION [ RunTime:0.075012s ]
[ 2019-04-08T10:26:43+08:00 ][ sql ] [ SQL ] SELECT * FROM `information_schema`.`columns` WHERE TABLE_SCHEMA = 'jyzj_test' AND table_name = 'jyzj_models' ORDER BY ORDINAL_POSITION [ RunTime:0.074609s ]
[ 2019-04-08T10:26:43+08:00 ][ sql ] [ SQL ] SELECT * FROM `information_schema`.`columns` WHERE TABLE_SCHEMA = 'jyzj_test' AND table_name = 'jyzj_financial_platform' ORDER BY ORDINAL_POSITION [ RunTime:0.074496s ]
[ 2019-04-08T10:26:43+08:00 ][ sql ] [ SQL ] SELECT * FROM `information_schema`.`columns` WHERE TABLE_SCHEMA = 'jyzj_test' AND table_name = 'jyzj_scheme_category' ORDER BY ORDINAL_POSITION [ RunTime:0.074519s ]
