[ 2019-04-10T09:41:43+08:00 ][ info ] [ BEHAVIOR ] Run Closure @app_init [ RunTime:0.000117s ]
[ info ] [ LOG ] INIT File
[ 2019-04-10T09:41:43+08:00 ][ info ] [ CACHE ] INIT Memcache
[ 2019-04-10T09:41:43+08:00 ][ info ] [ BEHAVIOR ] Run Closure @app_init [ RunTime:0.006197s ]
[ 2019-04-10T09:41:43+08:00 ][ info ] [ DB ] INIT mysql
[ 2019-04-10T09:41:43+08:00 ][ sql ] [ DB ] CONNECT:[ UseTime:0.115677s ] mysql:host=120.78.135.109;port=3306;dbname=jyzj.junyiqiche.com;charset=utf8
[ 2019-04-10T09:41:43+08:00 ][ sql ] [ SQL ] SHOW TABLE STATUS LIKE 'customer_resource' [ RunTime:0.076408s ]
[ 2019-04-10T09:41:43+08:00 ][ sql ] [ SQL ] SHOW TABLE STATUS LIKE 'jyzj_customer_resource' [ RunTime:0.075974s ]
[ 2019-04-10T09:41:56+08:00 ][ info ] [ BEHAVIOR ] Run Closure @app_init [ RunTime:0.000112s ]
[ info ] [ LOG ] INIT File
[ 2019-04-10T09:41:56+08:00 ][ info ] [ CACHE ] INIT Memcache
[ 2019-04-10T09:41:56+08:00 ][ info ] [ BEHAVIOR ] Run Closure @app_init [ RunTime:0.003458s ]
[ 2019-04-10T09:41:56+08:00 ][ info ] [ DB ] INIT mysql
[ 2019-04-10T09:41:56+08:00 ][ sql ] [ DB ] CONNECT:[ UseTime:0.114148s ] mysql:host=120.78.135.109;port=3306;dbname=jyzj.junyiqiche.com;charset=utf8
[ 2019-04-10T09:41:56+08:00 ][ sql ] [ SQL ] SHOW TABLE STATUS LIKE 'customer_resource' [ RunTime:0.077598s ]
[ 2019-04-10T09:41:56+08:00 ][ sql ] [ SQL ] SHOW TABLE STATUS LIKE 'jyzj_customer_resource' [ RunTime:0.077513s ]
[ 2019-04-10T09:41:57+08:00 ][ sql ] [ SQL ] SELECT * FROM `information_schema`.`columns` WHERE TABLE_SCHEMA = 'jyzj.junyiqiche.com' AND table_name = 'jyzj_customer_resource' ORDER BY ORDINAL_POSITION [ RunTime:0.078085s ]
[ 2019-04-10T14:35:40+08:00 ][ info ] [ BEHAVIOR ] Run Closure @app_init [ RunTime:0.000120s ]
[ info ] [ LOG ] INIT File
[ 2019-04-10T14:35:40+08:00 ][ info ] [ CACHE ] INIT Memcache
[ 2019-04-10T14:35:40+08:00 ][ info ] [ BEHAVIOR ] Run Closure @app_init [ RunTime:0.003620s ]
[ 2019-04-10T14:35:40+08:00 ][ info ] [ DB ] INIT mysql
[ 2019-04-10T14:35:40+08:00 ][ sql ] [ DB ] CONNECT:[ UseTime:0.116550s ] mysql:host=120.78.135.109;port=3306;dbname=jyzj.junyiqiche.com;charset=utf8
[ 2019-04-10T14:35:40+08:00 ][ sql ] [ SQL ] SHOW TABLE STATUS LIKE 'brand_cate' [ RunTime:0.076542s ]
[ 2019-04-10T14:35:40+08:00 ][ sql ] [ SQL ] SHOW TABLE STATUS LIKE 'jyzj_brand_cate' [ RunTime:0.077455s ]
[ 2019-04-10T14:35:41+08:00 ][ sql ] [ SQL ] SELECT * FROM `information_schema`.`columns` WHERE TABLE_SCHEMA = 'jyzj.junyiqiche.com' AND table_name = 'jyzj_brand_cate' ORDER BY ORDINAL_POSITION [ RunTime:0.077774s ]
[ 2019-04-10T14:51:09+08:00 ][ info ] [ BEHAVIOR ] Run Closure @app_init [ RunTime:0.000124s ]
[ info ] [ LOG ] INIT File
[ 2019-04-10T14:51:09+08:00 ][ info ] [ CACHE ] INIT Memcache
[ 2019-04-10T14:51:09+08:00 ][ info ] [ BEHAVIOR ] Run Closure @app_init [ RunTime:0.004318s ]
[ 2019-04-10T14:51:09+08:00 ][ info ] [ DB ] INIT mysql
[ 2019-04-10T14:51:10+08:00 ][ sql ] [ DB ] CONNECT:[ UseTime:0.134477s ] mysql:host=120.78.135.109;port=3306;dbname=jyzj.junyiqiche.com;charset=utf8
[ 2019-04-10T14:51:10+08:00 ][ sql ] [ SQL ] SHOW TABLE STATUS LIKE 'models' [ RunTime:0.089474s ]
[ 2019-04-10T14:51:10+08:00 ][ sql ] [ SQL ] SHOW TABLE STATUS LIKE 'jyzj_models' [ RunTime:0.089083s ]
[ 2019-04-10T14:51:10+08:00 ][ sql ] [ SQL ] SHOW TABLE STATUS LIKE 'brand_cate' [ RunTime:0.089003s ]
[ 2019-04-10T14:51:10+08:00 ][ sql ] [ SQL ] SHOW TABLE STATUS LIKE 'jyzj_brand_cate' [ RunTime:0.091495s ]
[ 2019-04-10T14:51:10+08:00 ][ sql ] [ SQL ] SELECT * FROM `information_schema`.`columns` WHERE TABLE_SCHEMA = 'jyzj.junyiqiche.com' AND table_name = 'jyzj_models' ORDER BY ORDINAL_POSITION [ RunTime:0.089446s ]
[ 2019-04-10T14:51:10+08:00 ][ sql ] [ SQL ] SELECT * FROM `information_schema`.`columns` WHERE TABLE_SCHEMA = 'jyzj.junyiqiche.com' AND table_name = 'jyzj_brand_cate' ORDER BY ORDINAL_POSITION [ RunTime:0.089302s ]
[ 2019-04-10T15:02:13+08:00 ][ info ] [ BEHAVIOR ] Run Closure @app_init [ RunTime:0.000113s ]
[ info ] [ LOG ] INIT File
[ 2019-04-10T15:02:13+08:00 ][ info ] [ CACHE ] INIT Memcache
[ 2019-04-10T15:02:13+08:00 ][ info ] [ BEHAVIOR ] Run Closure @app_init [ RunTime:0.003575s ]
[ 2019-04-10T15:02:13+08:00 ][ info ] [ DB ] INIT mysql
[ 2019-04-10T15:02:13+08:00 ][ sql ] [ DB ] CONNECT:[ UseTime:0.117345s ] mysql:host=120.78.135.109;port=3306;dbname=jyzj.junyiqiche.com;charset=utf8
[ 2019-04-10T15:02:13+08:00 ][ sql ] [ SQL ] SHOW TABLE STATUS LIKE 'scheme_category' [ RunTime:0.078296s ]
[ 2019-04-10T15:02:13+08:00 ][ sql ] [ SQL ] SHOW TABLE STATUS LIKE 'jyzj_scheme_category' [ RunTime:0.077172s ]
[ 2019-04-10T15:02:14+08:00 ][ sql ] [ SQL ] SELECT * FROM `information_schema`.`columns` WHERE TABLE_SCHEMA = 'jyzj.junyiqiche.com' AND table_name = 'jyzj_scheme_category' ORDER BY ORDINAL_POSITION [ RunTime:0.076813s ]
[ 2019-04-10T15:07:05+08:00 ][ info ] [ BEHAVIOR ] Run Closure @app_init [ RunTime:0.000132s ]
[ info ] [ LOG ] INIT File
[ 2019-04-10T15:07:05+08:00 ][ info ] [ CACHE ] INIT Memcache
[ 2019-04-10T15:07:05+08:00 ][ info ] [ BEHAVIOR ] Run Closure @app_init [ RunTime:0.003431s ]
[ 2019-04-10T15:07:05+08:00 ][ info ] [ DB ] INIT mysql
[ 2019-04-10T15:07:05+08:00 ][ sql ] [ DB ] CONNECT:[ UseTime:0.117135s ] mysql:host=120.78.135.109;port=3306;dbname=jyzj.junyiqiche.com;charset=utf8
[ 2019-04-10T15:07:05+08:00 ][ sql ] [ SQL ] SHOW TABLE STATUS LIKE 'scheme_category' [ RunTime:0.077343s ]
[ 2019-04-10T15:07:05+08:00 ][ sql ] [ SQL ] SHOW TABLE STATUS LIKE 'jyzj_scheme_category' [ RunTime:0.100439s ]
[ 2019-04-10T15:07:05+08:00 ][ sql ] [ SQL ] SELECT * FROM `information_schema`.`columns` WHERE TABLE_SCHEMA = 'jyzj.junyiqiche.com' AND table_name = 'jyzj_scheme_category' ORDER BY ORDINAL_POSITION [ RunTime:0.078312s ]
[ 2019-04-10T15:22:41+08:00 ][ info ] [ BEHAVIOR ] Run Closure @app_init [ RunTime:0.000118s ]
[ info ] [ LOG ] INIT File
[ 2019-04-10T15:22:41+08:00 ][ info ] [ CACHE ] INIT Memcache
[ 2019-04-10T15:22:41+08:00 ][ info ] [ BEHAVIOR ] Run Closure @app_init [ RunTime:0.003368s ]
[ 2019-04-10T15:22:41+08:00 ][ info ] [ DB ] INIT mysql
[ 2019-04-10T15:22:42+08:00 ][ sql ] [ DB ] CONNECT:[ UseTime:0.133804s ] mysql:host=120.78.135.109;port=3306;dbname=jyzj.junyiqiche.com;charset=utf8
[ 2019-04-10T15:22:42+08:00 ][ sql ] [ SQL ] SHOW TABLE STATUS LIKE 'plan_acar' [ RunTime:0.088307s ]
[ 2019-04-10T15:22:42+08:00 ][ sql ] [ SQL ] SHOW TABLE STATUS LIKE 'jyzj_plan_acar' [ RunTime:0.087729s ]
[ 2019-04-10T15:22:42+08:00 ][ sql ] [ SQL ] SHOW TABLE STATUS LIKE 'admin' [ RunTime:0.088788s ]
[ 2019-04-10T15:22:42+08:00 ][ sql ] [ SQL ] SHOW TABLE STATUS LIKE 'jyzj_admin' [ RunTime:0.087612s ]
[ 2019-04-10T15:22:42+08:00 ][ sql ] [ SQL ] SHOW TABLE STATUS LIKE 'models' [ RunTime:0.087765s ]
[ 2019-04-10T15:22:42+08:00 ][ sql ] [ SQL ] SHOW TABLE STATUS LIKE 'jyzj_models' [ RunTime:0.088524s ]
[ 2019-04-10T15:22:42+08:00 ][ sql ] [ SQL ] SHOW TABLE STATUS LIKE 'scheme_category' [ RunTime:0.088339s ]
[ 2019-04-10T15:22:42+08:00 ][ sql ] [ SQL ] SHOW TABLE STATUS LIKE 'jyzj_scheme_category' [ RunTime:0.088040s ]
[ 2019-04-10T15:22:42+08:00 ][ sql ] [ SQL ] SELECT * FROM `information_schema`.`columns` WHERE TABLE_SCHEMA = 'jyzj.junyiqiche.com' AND table_name = 'jyzj_plan_acar' ORDER BY ORDINAL_POSITION [ RunTime:0.088968s ]
[ 2019-04-10T15:22:42+08:00 ][ sql ] [ SQL ] SELECT * FROM `information_schema`.`columns` WHERE TABLE_SCHEMA = 'jyzj.junyiqiche.com' AND table_name = 'jyzj_admin' ORDER BY ORDINAL_POSITION [ RunTime:0.088715s ]
[ 2019-04-10T15:22:43+08:00 ][ sql ] [ SQL ] SELECT * FROM `information_schema`.`columns` WHERE TABLE_SCHEMA = 'jyzj.junyiqiche.com' AND table_name = 'jyzj_models' ORDER BY ORDINAL_POSITION [ RunTime:0.088884s ]
[ 2019-04-10T15:22:43+08:00 ][ sql ] [ SQL ] SELECT * FROM `information_schema`.`columns` WHERE TABLE_SCHEMA = 'jyzj.junyiqiche.com' AND table_name = 'jyzj_scheme_category' ORDER BY ORDINAL_POSITION [ RunTime:0.087023s ]
