[ 2019-04-12T16:43:24+08:00 ][ sql ] [ DB ] CONNECT:[ UseTime:0.113675s ] mysql:host=120.78.135.109;dbname=jyzj.junyiqiche.com.beat;charset=utf8
[ 2019-04-12T16:43:24+08:00 ][ sql ] [ SQL ] SHOW TABLE STATUS LIKE 'order' [ RunTime:0.074746s ]
[ 2019-04-12T16:43:24+08:00 ][ sql ] [ SQL ] SHOW TABLE STATUS LIKE 'jyzj_order' [ RunTime:0.073582s ]
[ 2019-04-12T16:43:25+08:00 ][ sql ] [ SQL ] SHOW TABLE STATUS LIKE 'order_details' [ RunTime:0.074773s ]
[ 2019-04-12T16:43:25+08:00 ][ sql ] [ SQL ] SHOW TABLE STATUS LIKE 'jyzj_order_details' [ RunTime:0.073324s ]
[ 2019-04-12T16:43:25+08:00 ][ sql ] [ SQL ] SELECT * FROM `information_schema`.`columns` WHERE TABLE_SCHEMA = 'jyzj.junyiqiche.com.beat' AND table_name = 'jyzj_order' ORDER BY ORDINAL_POSITION [ RunTime:0.076004s ]
[ 2019-04-12T16:43:25+08:00 ][ sql ] [ SQL ] SELECT * FROM `information_schema`.`columns` WHERE TABLE_SCHEMA = 'jyzj.junyiqiche.com.beat' AND table_name = 'jyzj_order_details' ORDER BY ORDINAL_POSITION [ RunTime:0.073420s ]
[ 2019-04-12T16:43:40+08:00 ][ sql ] [ DB ] CONNECT:[ UseTime:0.118205s ] mysql:host=120.78.135.109;dbname=jyzj.junyiqiche.com.beat;charset=utf8
[ 2019-04-12T16:43:40+08:00 ][ sql ] [ SQL ] SHOW TABLE STATUS LIKE 'order' [ RunTime:0.074716s ]
[ 2019-04-12T16:43:40+08:00 ][ sql ] [ SQL ] SHOW TABLE STATUS LIKE 'jyzj_order' [ RunTime:0.074234s ]
[ 2019-04-12T16:43:40+08:00 ][ sql ] [ SQL ] SHOW TABLE STATUS LIKE 'order_details' [ RunTime:0.075153s ]
[ 2019-04-12T16:43:40+08:00 ][ sql ] [ SQL ] SHOW TABLE STATUS LIKE 'jyzj_order_details' [ RunTime:0.076178s ]
[ 2019-04-12T16:43:40+08:00 ][ sql ] [ SQL ] SELECT * FROM `information_schema`.`columns` WHERE TABLE_SCHEMA = 'jyzj.junyiqiche.com.beat' AND table_name = 'jyzj_order' ORDER BY ORDINAL_POSITION [ RunTime:0.077497s ]
[ 2019-04-12T16:43:40+08:00 ][ sql ] [ SQL ] SELECT * FROM `information_schema`.`columns` WHERE TABLE_SCHEMA = 'jyzj.junyiqiche.com.beat' AND table_name = 'jyzj_order_details' ORDER BY ORDINAL_POSITION [ RunTime:0.076699s ]
[ 2019-04-12T16:45:40+08:00 ][ sql ] [ DB ] CONNECT:[ UseTime:0.112233s ] mysql:host=120.78.135.109;dbname=jyzj.junyiqiche.com.beat;charset=utf8
[ 2019-04-12T16:45:40+08:00 ][ sql ] [ SQL ] SHOW TABLE STATUS LIKE 'order' [ RunTime:0.072809s ]
[ 2019-04-12T16:45:40+08:00 ][ sql ] [ SQL ] SHOW TABLE STATUS LIKE 'jyzj_order' [ RunTime:0.071465s ]
[ 2019-04-12T16:45:41+08:00 ][ sql ] [ SQL ] SHOW TABLE STATUS LIKE 'order_details' [ RunTime:0.072536s ]
[ 2019-04-12T16:45:41+08:00 ][ sql ] [ SQL ] SHOW TABLE STATUS LIKE 'jyzj_order_details' [ RunTime:0.073602s ]
[ 2019-04-12T16:45:41+08:00 ][ sql ] [ SQL ] SELECT * FROM `information_schema`.`columns` WHERE TABLE_SCHEMA = 'jyzj.junyiqiche.com.beat' AND table_name = 'jyzj_order' ORDER BY ORDINAL_POSITION [ RunTime:0.072809s ]
[ 2019-04-12T16:45:41+08:00 ][ sql ] [ SQL ] SELECT * FROM `information_schema`.`columns` WHERE TABLE_SCHEMA = 'jyzj.junyiqiche.com.beat' AND table_name = 'jyzj_order_details' ORDER BY ORDINAL_POSITION [ RunTime:0.072078s ]
[ 2019-04-12T16:48:13+08:00 ][ sql ] [ DB ] CONNECT:[ UseTime:0.123596s ] mysql:host=120.78.135.109;dbname=jyzj.junyiqiche.com.beat;charset=utf8
[ 2019-04-12T16:48:13+08:00 ][ sql ] [ SQL ] SHOW TABLE STATUS LIKE 'order' [ RunTime:0.079481s ]
[ 2019-04-12T16:48:13+08:00 ][ sql ] [ SQL ] SHOW TABLE STATUS LIKE 'jyzj_order' [ RunTime:0.081197s ]
[ 2019-04-12T16:48:13+08:00 ][ sql ] [ SQL ] SHOW TABLE STATUS LIKE 'order_details' [ RunTime:0.080798s ]
[ 2019-04-12T16:48:13+08:00 ][ sql ] [ SQL ] SHOW TABLE STATUS LIKE 'jyzj_order_details' [ RunTime:0.080025s ]
[ 2019-04-12T16:48:13+08:00 ][ sql ] [ SQL ] SELECT * FROM `information_schema`.`columns` WHERE TABLE_SCHEMA = 'jyzj.junyiqiche.com.beat' AND table_name = 'jyzj_order' ORDER BY ORDINAL_POSITION [ RunTime:0.081727s ]
[ 2019-04-12T16:48:13+08:00 ][ sql ] [ SQL ] SELECT * FROM `information_schema`.`columns` WHERE TABLE_SCHEMA = 'jyzj.junyiqiche.com.beat' AND table_name = 'jyzj_order_details' ORDER BY ORDINAL_POSITION [ RunTime:0.079399s ]
[ 2019-04-12T17:51:55+08:00 ][ info ] [ BEHAVIOR ] Run Closure @app_init [ RunTime:0.000116s ]
[ info ] [ LOG ] INIT File
[ 2019-04-12T17:51:55+08:00 ][ info ] [ CACHE ] INIT File
[ 2019-04-12T17:51:55+08:00 ][ info ] [ BEHAVIOR ] Run Closure @app_init [ RunTime:0.003070s ]
[ 2019-04-12T17:51:56+08:00 ][ info ] [ DB ] INIT mysql
[ 2019-04-12T17:53:44+08:00 ][ info ] [ BEHAVIOR ] Run Closure @app_init [ RunTime:0.000118s ]
[ info ] [ LOG ] INIT File
[ 2019-04-12T17:53:44+08:00 ][ info ] [ CACHE ] INIT File
[ 2019-04-12T17:53:44+08:00 ][ info ] [ BEHAVIOR ] Run Closure @app_init [ RunTime:0.003086s ]
[ 2019-04-12T17:53:44+08:00 ][ info ] [ DB ] INIT mysql
[ 2019-04-12T17:55:15+08:00 ][ info ] [ BEHAVIOR ] Run Closure @app_init [ RunTime:0.000123s ]
[ info ] [ LOG ] INIT File
[ 2019-04-12T17:55:15+08:00 ][ info ] [ CACHE ] INIT File
[ 2019-04-12T17:55:15+08:00 ][ info ] [ BEHAVIOR ] Run Closure @app_init [ RunTime:0.006197s ]
[ 2019-04-12T17:55:15+08:00 ][ info ] [ DB ] INIT mysql
[ 2019-04-12T17:59:23+08:00 ][ info ] [ BEHAVIOR ] Run Closure @app_init [ RunTime:0.000147s ]
[ info ] [ LOG ] INIT File
[ 2019-04-12T17:59:23+08:00 ][ info ] [ CACHE ] INIT File
[ 2019-04-12T17:59:23+08:00 ][ info ] [ BEHAVIOR ] Run Closure @app_init [ RunTime:0.003267s ]
[ 2019-04-12T17:59:23+08:00 ][ info ] [ DB ] INIT mysql
[ 2019-04-12T18:03:16+08:00 ][ info ] [ BEHAVIOR ] Run Closure @app_init [ RunTime:0.000118s ]
[ info ] [ LOG ] INIT File
[ 2019-04-12T18:03:16+08:00 ][ info ] [ CACHE ] INIT File
[ 2019-04-12T18:03:16+08:00 ][ info ] [ BEHAVIOR ] Run Closure @app_init [ RunTime:0.003158s ]
[ 2019-04-12T18:03:16+08:00 ][ info ] [ DB ] INIT mysql
